<?xml version="1.0" encoding="UTF-8"?>
<testng-results ignored="0" total="2" passed="2" failed="0" skipped="0">
  <reporter-output>
  </reporter-output>
  <suite started-at="2019-07-04T11:32:14Z" name="Default suite" finished-at="2019-07-04T11:32:52Z" duration-ms="38503">
    <groups>
    </groups>
    <test started-at="2019-07-04T11:32:14Z" name="Default test" finished-at="2019-07-04T11:32:52Z" duration-ms="38503">
      <class name="com.training.sanity.tests.LoginTests4_set2">
        <test-method is-config="true" signature="abc()[pri:0, instance:com.training.sanity.tests.LoginTests4_set2@527e5409]" started-at="2019-07-04T11:32:14Z" name="abc" finished-at="2019-07-04T11:32:14Z" duration-ms="239" status="PASS">
          <reporter-output>
          </reporter-output>
        </test-method> <!-- abc -->
        <test-method is-config="true" signature="setUpBeforeClass()[pri:0, instance:com.training.sanity.tests.LoginTests4_set2@527e5409]" started-at="2019-07-04T11:32:14Z" name="setUpBeforeClass" finished-at="2019-07-04T11:32:22Z" duration-ms="7430" status="PASS">
          <reporter-output>
          </reporter-output>
        </test-method> <!-- setUpBeforeClass -->
        <test-method signature="validLoginTest()[pri:1, instance:com.training.sanity.tests.LoginTests4_set2@527e5409]" started-at="2019-07-04T11:32:22Z" name="validLoginTest" finished-at="2019-07-04T11:32:27Z" duration-ms="4980" status="PASS">
          <reporter-output>
          </reporter-output>
        </test-method> <!-- validLoginTest -->
        <test-method signature="actualTest()[pri:2, instance:com.training.sanity.tests.LoginTests4_set2@527e5409]" started-at="2019-07-04T11:32:27Z" name="actualTest" finished-at="2019-07-04T11:32:50Z" duration-ms="23553" status="PASS">
          <reporter-output>
          </reporter-output>
        </test-method> <!-- actualTest -->
        <test-method is-config="true" signature="tearDown()[pri:0, instance:com.training.sanity.tests.LoginTests4_set2@527e5409]" started-at="2019-07-04T11:32:50Z" name="tearDown" finished-at="2019-07-04T11:32:52Z" duration-ms="2252" status="PASS">
          <reporter-output>
          </reporter-output>
        </test-method> <!-- tearDown -->
      </class> <!-- com.training.sanity.tests.LoginTests4_set2 -->
    </test> <!-- Default test -->
  </suite> <!-- Default suite -->
</testng-results>
