<?xml version="1.0" encoding="UTF-8"?>
<testng-results ignored="0" total="2" passed="2" failed="0" skipped="0">
  <reporter-output>
  </reporter-output>
  <suite started-at="2019-06-18T07:08:45Z" name="Default suite" finished-at="2019-06-18T07:09:13Z" duration-ms="28116">
    <groups>
    </groups>
    <test started-at="2019-06-18T07:08:45Z" name="Default test" finished-at="2019-06-18T07:09:13Z" duration-ms="28116">
      <class name="com.training.sanity.tests.LoginTests3">
        <test-method is-config="true" signature="setUpBeforeClass()[pri:0, instance:com.training.sanity.tests.LoginTests3@8909f18]" started-at="2019-06-18T07:08:45Z" name="setUpBeforeClass" finished-at="2019-06-18T07:08:55Z" duration-ms="9786" status="PASS">
          <reporter-output>
          </reporter-output>
        </test-method> <!-- setUpBeforeClass -->
        <test-method signature="validLoginTest()[pri:1, instance:com.training.sanity.tests.LoginTests3@8909f18]" started-at="2019-06-18T07:08:55Z" name="validLoginTest" finished-at="2019-06-18T07:09:00Z" duration-ms="5312" status="PASS">
          <reporter-output>
          </reporter-output>
        </test-method> <!-- validLoginTest -->
        <test-method is-config="true" signature="tearDown()[pri:0, instance:com.training.sanity.tests.LoginTests3@8909f18]" started-at="2019-06-18T07:09:00Z" name="tearDown" finished-at="2019-06-18T07:09:01Z" duration-ms="1000" status="PASS">
          <reporter-output>
          </reporter-output>
        </test-method> <!-- tearDown -->
        <test-method signature="actualTest()[pri:2, instance:com.training.sanity.tests.LoginTests3@8909f18]" started-at="2019-06-18T07:09:01Z" name="actualTest" finished-at="2019-06-18T07:09:11Z" duration-ms="9967" status="PASS">
          <reporter-output>
          </reporter-output>
        </test-method> <!-- actualTest -->
        <test-method is-config="true" signature="tearDown()[pri:0, instance:com.training.sanity.tests.LoginTests3@8909f18]" started-at="2019-06-18T07:09:11Z" name="tearDown" finished-at="2019-06-18T07:09:12Z" duration-ms="1000" status="PASS">
          <reporter-output>
          </reporter-output>
        </test-method> <!-- tearDown -->
        <test-method is-config="true" signature="tearDown()[pri:0, instance:com.training.sanity.tests.LoginTests3@8909f18]" started-at="2019-06-18T07:09:12Z" name="tearDown" finished-at="2019-06-18T07:09:13Z" duration-ms="1000" status="PASS">
          <reporter-output>
          </reporter-output>
        </test-method> <!-- tearDown -->
      </class> <!-- com.training.sanity.tests.LoginTests3 -->
    </test> <!-- Default test -->
  </suite> <!-- Default suite -->
</testng-results>
